\BOOKMARK [1][-]{section.1}{\376\377\000D\0002\000\040\147\120\145\231\167\037\172\172\121\174\133\271\140\047\155\113\213\325\124\214\173\111\171\273\133\120\162\171\140\047\170\024\172\166\000\040\000\040\123\237\164\006\200\314\146\157}{}% 1
\BOOKMARK [2][-]{subsection.1.1}{\376\377\133\236\232\214\166\356\166\204}{section.1}% 2
\BOOKMARK [2][-]{subsection.1.2}{\376\377\133\236\232\214\121\205\133\271}{section.1}% 3
\BOOKMARK [2][-]{subsection.1.3}{\376\377\116\352\126\150\165\050\121\167}{section.1}% 4
\BOOKMARK [2][-]{subsection.1.4}{\376\377\000\040\133\236\232\214\133\211\121\150\154\350\141\017\116\213\230\171}{section.1}% 5
\BOOKMARK [2][-]{subsection.1.5}{\376\377\123\237\164\006\151\202\217\360}{section.1}% 6
\BOOKMARK [3][-]{subsubsection.1.5.1}{\376\377\167\037\172\172\166\204\203\267\137\227\116\016\155\113\221\317}{subsection.1.5}% 7
\BOOKMARK [3][-]{subsubsection.1.5.2}{\376\377\126\372\117\123\133\371\154\024\117\123\166\204\124\070\226\104\123\312\154\024\117\123\166\204\201\061\226\104}{subsection.1.5}% 8
\BOOKMARK [3][-]{subsubsection.1.5.3}{\376\377\154\024\117\123\145\076\165\065\060\001\173\111\171\273\133\120\117\123\124\214\136\025\220\242\133\232\137\213}{subsection.1.5}% 9
\BOOKMARK [3][-]{subsubsection.1.5.4}{\376\377\126\333\147\201\215\050\214\061\116\352}{subsection.1.5}% 10
\BOOKMARK [1][-]{section.2}{\376\377\000D\0001\000\040\225\001\166\370\145\076\131\047\126\150\116\016\137\061\117\341\123\367\155\113\221\317\000\050\0001\000\051\000\040\000\040\230\204\116\140\142\245\124\112}{}% 11
\BOOKMARK [1][-]{section.3}{\376\377\000\040\000D\0001\000\040\225\001\166\370\145\076\131\047\126\150\116\016\137\061\117\341\123\367\155\113\221\317\000\050\0001\000\051\000\040\133\236\232\214\213\260\137\125}{}% 12
\BOOKMARK [2][-]{subsection.3.1}{\376\377\133\236\232\214\217\307\172\013\220\107\122\060\225\356\230\230\123\312\211\343\121\263\122\236\154\325}{section.3}% 13
\BOOKMARK [1][-]{section.4}{\376\377\000D\0001\000\040\225\001\166\370\145\076\131\047\126\150\116\016\137\061\117\341\123\367\155\113\221\317\000\050\0001\000\051\000\040\122\006\147\220\116\016\213\250\213\272}{}% 14
\BOOKMARK [2][-]{subsection.4.1}{\376\377\133\236\232\214\145\160\143\156\122\006\147\220}{section.4}% 15
\BOOKMARK [3][-]{subsubsection.4.1.1}{}{subsection.4.1}% 16
\BOOKMARK [3][-]{subsubsection.4.1.2}{}{subsection.4.1}% 17
\BOOKMARK [3][-]{subsubsection.4.1.3}{}{subsection.4.1}% 18
\BOOKMARK [2][-]{subsection.4.2}{\376\377\133\236\232\214\124\016\140\035\200\003\230\230}{section.4}% 19
\BOOKMARK [1][-]{section.5}{\376\377\000E\000T\000X\000\040\133\236\232\214\124\015\171\360\000\327\000\327\000\327\000\040\000\040\176\323\213\355}{}% 20
\BOOKMARK [2][-]{subsection.5.1}{\376\377\133\236\232\214\137\303\137\227\124\214\117\123\117\032\060\001\141\017\211\301\136\372\213\256\173\111}{section.5}% 21
\BOOKMARK [2][-]{subsection.5.2}{\376\377\226\104\116\366\123\312\133\236\232\214\166\370\121\163\166\204\217\157\170\154\116\366\215\104\145\231\173\111}{section.5}% 22
