\BOOKMARK [1][-]{section.1}{\376\377\000D\0001\000\040\225\001\166\370\145\076\131\047\126\150\116\016\137\061\117\341\123\367\155\113\221\317\000\040\000\040\123\237\164\006\200\314\146\157}{}% 1
\BOOKMARK [2][-]{subsection.1.1}{\376\377\133\236\232\214\123\237\164\006\127\372\170\100}{section.1}% 2
\BOOKMARK [3][-]{subsubsection.1.1.1}{\376\377\133\236\232\214\225\356\230\230\200\314\146\157}{subsection.1.1}% 3
\BOOKMARK [3][-]{subsubsection.1.1.2}{\376\377\117\341\126\152\153\324\116\016\117\341\126\152\145\071\125\204\153\324}{subsection.1.1}% 4
\BOOKMARK [3][-]{subsubsection.1.1.3}{\376\377\156\344\154\342\154\325\143\320\123\107\117\341\126\152\153\324}{subsection.1.1}% 5
\BOOKMARK [3][-]{subsubsection.1.1.4}{\376\377\225\001\166\370\145\076\131\047\154\325\143\320\123\107\117\341\126\152\153\324}{subsection.1.1}% 6
\BOOKMARK [2][-]{subsection.1.2}{\376\377\225\001\166\370\145\076\131\047\126\150\135\345\117\134\123\237\164\006}{section.1}% 7
\BOOKMARK [2][-]{subsection.1.3}{\376\377\124\015\171\360\165\061\147\145}{section.1}% 8
\BOOKMARK [2][-]{subsection.1.4}{\376\377\123\237\164\006\220\350\122\006\140\035\200\003\230\230}{section.1}% 9
\BOOKMARK [1][-]{section.2}{\376\377\000D\0001\000\040\225\001\166\370\145\076\131\047\126\150\116\016\137\061\117\341\123\367\155\113\221\317\000\050\0001\000\051\000\040\000\040\230\204\116\140\142\245\124\112}{}% 10
\BOOKMARK [2][-]{subsection.2.1}{\376\377\133\236\232\214\166\356\166\204}{section.2}% 11
\BOOKMARK [2][-]{subsection.2.2}{\376\377\133\236\232\214\211\201\154\102}{section.2}% 12
\BOOKMARK [2][-]{subsection.2.3}{\376\377\116\352\126\150\165\050\121\167}{section.2}% 13
\BOOKMARK [2][-]{subsection.2.4}{\376\377\230\204\116\140\140\035\200\003\230\230\230\230}{section.2}% 14
\BOOKMARK [1][-]{section.3}{\376\377\000\040\000D\0001\000\040\225\001\166\370\145\076\131\047\126\150\116\016\137\061\117\341\123\367\155\113\221\317\000\050\0001\000\051\000\040\133\236\232\214\213\260\137\125}{}% 15
\BOOKMARK [2][-]{subsection.3.1}{\376\377\133\236\232\214\121\205\133\271\060\001\153\145\232\244\116\016\176\323\147\234}{section.3}% 16
\BOOKMARK [3][-]{subsubsection.3.1.1}{\376\377\144\315\117\134\153\145\232\244\213\260\137\125}{subsection.3.1}% 17
\BOOKMARK [3][-]{subsubsection.3.1.2}{}{subsection.3.1}% 18
\BOOKMARK [2][-]{subsection.3.2}{\376\377\123\237\131\313\145\160\143\156\213\260\137\125}{section.3}% 19
\BOOKMARK [2][-]{subsection.3.3}{\376\377\133\236\232\214\217\307\172\013\220\107\122\060\225\356\230\230\123\312\211\343\121\263\122\236\154\325}{section.3}% 20
\BOOKMARK [1][-]{section.4}{\376\377\000D\0001\000\040\225\001\166\370\145\076\131\047\126\150\116\016\137\061\117\341\123\367\155\113\221\317\000\050\0001\000\051\000\040\122\006\147\220\116\016\213\250\213\272}{}% 21
\BOOKMARK [2][-]{subsection.4.1}{\376\377\133\236\232\214\145\160\143\156\122\006\147\220}{section.4}% 22
\BOOKMARK [3][-]{subsubsection.4.1.1}{}{subsection.4.1}% 23
\BOOKMARK [3][-]{subsubsection.4.1.2}{}{subsection.4.1}% 24
\BOOKMARK [3][-]{subsubsection.4.1.3}{}{subsection.4.1}% 25
\BOOKMARK [2][-]{subsection.4.2}{\376\377\133\236\232\214\124\016\140\035\200\003\230\230}{section.4}% 26
\BOOKMARK [1][-]{section.5}{\376\377\000E\000T\000X\000\040\133\236\232\214\124\015\171\360\000\327\000\327\000\327\000\040\000\040\176\323\213\355}{}% 27
\BOOKMARK [2][-]{subsection.5.1}{\376\377\133\236\232\214\137\303\137\227\124\214\117\123\117\032\060\001\141\017\211\301\136\372\213\256\173\111}{section.5}% 28
\BOOKMARK [2][-]{subsection.5.2}{\376\377\226\104\116\366\123\312\133\236\232\214\166\370\121\163\166\204\217\157\170\154\116\366\215\104\145\231\173\111}{section.5}% 29
